# JRE version: OpenJDK Runtime Environment (11.0.8) (build 11.0.8+0-b944-P17168821)
# Java VM: OpenJDK 64-Bit Server VM (11.0.8+0-b944-6842174, mixed mode, tiered, compressed oops, g1 gc, linux-amd64)
Heap:
 garbage-first heap   total 342016K, used 223849K [0x0000000080000000, 0x0000000100000000)
  region size 1024K, 43 young (44032K), 14 survivors (14336K)
 Metaspace       used 150580K, capacity 155360K, committed 155468K, reserved 1185792K
  class space    used 18407K, capacity 20112K, committed 20120K, reserved 1048576K
GC Heap History (20 events):
Event: 1418.565 GC heap before
{Heap before GC invocations=96 (full 0):
 garbage-first heap   total 342016K, used 205765K [0x0000000080000000, 0x0000000100000000)
  region size 1024K, 24 young (24576K), 1 survivors (1024K)
 Metaspace       used 149502K, capacity 153997K, committed 154316K, reserved 1183744K
  class space    used 18267K, capacity 19870K, committed 19992K, reserved 1048576K
}
Event: 1418.570 GC heap after
{Heap after GC invocations=97 (full 0):
 garbage-first heap   total 342016K, used 183586K [0x0000000080000000, 0x0000000100000000)
  region size 1024K, 1 young (1024K), 1 survivors (1024K)
 Metaspace       used 149502K, capacity 153997K, committed 154316K, reserved 1183744K
  class space    used 18267K, capacity 19870K, committed 19992K, reserved 1048576K
}
Event: 1458.197 GC heap before
{Heap before GC invocations=98 (full 0):
 garbage-first heap   total 342016K, used 293154K [0x0000000080000000, 0x0000000100000000)
  region size 1024K, 91 young (93184K), 1 survivors (1024K)
 Metaspace       used 150151K, capacity 154971K, committed 155212K, reserved 1183744K
  class space    used 18377K, capacity 20059K, committed 20120K, reserved 1048576K
}
Event: 1458.213 GC heap after
{Heap after GC invocations=99 (full 0):
 garbage-first heap   total 342016K, used 191048K [0x0000000080000000, 0x0000000100000000)
  region size 1024K, 8 young (8192K), 8 survivors (8192K)
 Metaspace       used 150151K, capacity 154971K, committed 155212K, reserved 1183744K
  class space    used 18377K, capacity 20059K, committed 20120K, reserved 1048576K
}
Event: 1458.264 GC heap before
{Heap before GC invocations=99 (full 0):
 garbage-first heap   total 342016K, used 199240K [0x0000000080000000, 0x0000000100000000)
  region size 1024K, 16 young (16384K), 8 survivors (8192K)
 Metaspace       used 150151K, capacity 154971K, committed 155212K, reserved 1183744K
  class space    used 18377K, capacity 20059K, committed 20120K, reserved 1048576K
}
Event: 1458.287 GC heap after
{Heap after GC invocations=100 (full 0):
 garbage-first heap   total 342016K, used 186153K [0x0000000080000000, 0x0000000100000000)
  region size 1024K, 1 young (1024K), 1 survivors (1024K)
 Metaspace       used 150151K, capacity 154971K, committed 155212K, reserved 1183744K
  class space    used 18377K, capacity 20059K, committed 20120K, reserved 1048576K
}
Event: 1458.576 GC heap before
{Heap before GC invocations=100 (full 0):
 garbage-first heap   total 342016K, used 277289K [0x0000000080000000, 0x0000000100000000)
  region size 1024K, 91 young (93184K), 1 survivors (1024K)
 Metaspace       used 150191K, capacity 155010K, committed 155212K, reserved 1183744K
  class space    used 18384K, capacity 20071K, committed 20120K, reserved 1048576K
}
Event: 1458.585 GC heap after
{Heap after GC invocations=101 (full 0):
 garbage-first heap   total 342016K, used 187457K [0x0000000080000000, 0x0000000100000000)
  region size 1024K, 3 young (3072K), 3 survivors (3072K)
 Metaspace       used 150191K, capacity 155010K, committed 155212K, reserved 1183744K
  class space    used 18384K, capacity 20071K, committed 20120K, reserved 1048576K
}
Event: 1460.623 GC heap before
{Heap before GC invocations=102 (full 0):
 garbage-first heap   total 342016K, used 273473K [0x0000000080000000, 0x0000000100000000)
  region size 1024K, 95 young (97280K), 3 survivors (3072K)
 Metaspace       used 150276K, capacity 155140K, committed 155212K, reserved 1183744K
  class space    used 18395K, capacity 20091K, committed 20120K, reserved 1048576K
}
Event: 1460.628 GC heap after
{Heap after GC invocations=103 (full 0):
 garbage-first heap   total 342016K, used 181995K [0x0000000080000000, 0x0000000100000000)
  region size 1024K, 4 young (4096K), 4 survivors (4096K)
 Metaspace       used 150276K, capacity 155140K, committed 155212K, reserved 1183744K
  class space    used 18395K, capacity 20091K, committed 20120K, reserved 1048576K
}
Event: 1460.649 GC heap before
{Heap before GC invocations=103 (full 0):
 garbage-first heap   total 342016K, used 193259K [0x0000000080000000, 0x0000000100000000)
  region size 1024K, 16 young (16384K), 4 survivors (4096K)
 Metaspace       used 150281K, capacity 155140K, committed 155212K, reserved 1183744K
  class space    used 18395K, capacity 20091K, committed 20120K, reserved 1048576K
}
Event: 1460.666 GC heap after
{Heap after GC invocations=104 (full 0):
 garbage-first heap   total 342016K, used 160127K [0x0000000080000000, 0x0000000100000000)
  region size 1024K, 1 young (1024K), 1 survivors (1024K)
 Metaspace       used 150281K, capacity 155140K, committed 155212K, reserved 1183744K
  class space    used 18395K, capacity 20091K, committed 20120K, reserved 1048576K
}
Event: 1460.992 GC heap before
{Heap before GC invocations=104 (full 0):
 garbage-first heap   total 342016K, used 209279K [0x0000000080000000, 0x0000000100000000)
  region size 1024K, 51 young (52224K), 1 survivors (1024K)
 Metaspace       used 150414K, capacity 155256K, committed 155468K, reserved 1185792K
  class space    used 18402K, capacity 20104K, committed 20120K, reserved 1048576K
}
Event: 1461.007 GC heap after
{Heap after GC invocations=105 (full 0):
 garbage-first heap   total 342016K, used 160633K [0x0000000080000000, 0x0000000100000000)
  region size 1024K, 2 young (2048K), 2 survivors (2048K)
 Metaspace       used 150414K, capacity 155256K, committed 155468K, reserved 1185792K
  class space    used 18402K, capacity 20104K, committed 20120K, reserved 1048576K
}
Event: 1683.991 GC heap before
{Heap before GC invocations=106 (full 0):
 garbage-first heap   total 342016K, used 284537K [0x0000000080000000, 0x0000000100000000)
  region size 1024K, 110 young (112640K), 2 survivors (2048K)
 Metaspace       used 150545K, capacity 155360K, committed 155468K, reserved 1185792K
  class space    used 18407K, capacity 20112K, committed 20120K, reserved 1048576K
}
Event: 1684.010 GC heap after
{Heap after GC invocations=107 (full 0):
 garbage-first heap   total 342016K, used 166955K [0x0000000080000000, 0x0000000100000000)
  region size 1024K, 8 young (8192K), 8 survivors (8192K)
 Metaspace       used 150545K, capacity 155360K, committed 155468K, reserved 1185792K
  class space    used 18407K, capacity 20112K, committed 20120K, reserved 1048576K
}
Event: 1684.046 GC heap before
{Heap before GC invocations=107 (full 0):
 garbage-first heap   total 342016K, used 176171K [0x0000000080000000, 0x0000000100000000)
  region size 1024K, 16 young (16384K), 8 survivors (8192K)
 Metaspace       used 150545K, capacity 155360K, committed 155468K, reserved 1185792K
  class space    used 18407K, capacity 20112K, committed 20120K, reserved 1048576K
}
Event: 1684.060 GC heap after
{Heap after GC invocations=108 (full 0):
 garbage-first heap   total 342016K, used 164814K [0x0000000080000000, 0x0000000100000000)
  region size 1024K, 2 young (2048K), 2 survivors (2048K)
 Metaspace       used 150545K, capacity 155360K, committed 155468K, reserved 1185792K
  class space    used 18407K, capacity 20112K, committed 20120K, reserved 1048576K
}
Event: 1684.179 GC heap before
{Heap before GC invocations=108 (full 0):
 garbage-first heap   total 342016K, used 196558K [0x0000000080000000, 0x0000000100000000)
  region size 1024K, 34 young (34816K), 2 survivors (2048K)
 Metaspace       used 150563K, capacity 155360K, committed 155468K, reserved 1185792K
  class space    used 18407K, capacity 20112K, committed 20120K, reserved 1048576K
}
Event: 1684.190 GC heap after
{Heap after GC invocations=109 (full 0):
 garbage-first heap   total 342016K, used 176745K [0x0000000080000000, 0x0000000100000000)
  region size 1024K, 14 young (14336K), 14 survivors (14336K)
 Metaspace       used 150563K, capacity 155360K, committed 155468K, reserved 1185792K
  class space    used 18407K, capacity 20112K, committed 20120K, reserved 1048576K
}

